<?xml version="1.0" encoding="UTF-8"?>
<!-- Generated by org.testng.reporters.JUnitReportReporter -->
<testsuite skipped="0" hostname="Nithesh-Gowda" name="test.RegistrationTest" tests="1" failures="0" timestamp="09 Oct 2020 16:41:15 GMT" time="69.514" errors="0">
  <testcase name="registrationTest" time="69.514" classname="test.RegistrationTest"/>
</testsuite> <!-- test.RegistrationTest -->
