<?xml version="1.0" encoding="UTF-8"?>
<!-- Generated by org.testng.reporters.JUnitReportReporter -->
<testsuite skipped="0" hostname="Nithesh-Gowda" name="test.VerifyToastMSGTest" tests="1" failures="0" timestamp="09 Oct 2020 16:13:20 GMT" time="24.680" errors="0">
  <testcase name="verifyToastMessage" time="24.680" classname="test.VerifyToastMSGTest"/>
</testsuite> <!-- test.VerifyToastMSGTest -->
